[INFO] Scanning for projects...
[INFO] 
[INFO] ---------------------< ao.tcc.projeto.final:jecuz >---------------------
[INFO] Building Jecuz Api stable
[INFO]   from pom.xml
[INFO] --------------------------------[ jar ]---------------------------------
[INFO] 
[INFO] --- jacoco:0.8.10:prepare-agent (prepare-agent) @ jecuz ---
[INFO] argLine set to -javaagent:C:\\Users\\ivans\\.m2\\repository\\org\\jacoco\\org.jacoco.agent\\0.8.10\\org.jacoco.agent-0.8.10-runtime.jar=destfile=C:\\Users\\ivans\\Desktop\\Jecuz_limpeza\\target\\jacoco.exec
[INFO] 
[INFO] --- resources:3.3.1:resources (default-resources) @ jecuz ---
[INFO] Copying 1 resource from src\main\resources to target\classes
[INFO] Copying 0 resource from src\main\resources to target\classes
[INFO] 
[INFO] --- compiler:3.14.0:compile (default-compile) @ jecuz ---
[INFO] Nothing to compile - all classes are up to date.
[INFO] ------------------------------------------------------------------------
[INFO] BUILD SUCCESS
[INFO] ------------------------------------------------------------------------
[INFO] Total time:  3.773 s
[INFO] Finished at: 2026-01-22T16:53:46-03:00
[INFO] ------------------------------------------------------------------------
