[INFO] Scanning for projects...
[INFO] 
[INFO] ---------------------< ao.tcc.projeto.final:jecuz >---------------------
[INFO] Building Jecuz Api stable
[INFO]   from pom.xml
[INFO] --------------------------------[ jar ]---------------------------------
[INFO] 
[INFO] --- dependency:3.8.1:resolve (default-cli) @ jecuz ---
[INFO] 
[INFO] The following files have been resolved:
[INFO]    org.springframework.boot:spring-boot-starter-actuator:jar:3.5.5:compile -- module spring.boot.starter.actuator [auto]
[INFO]    org.springframework.boot:spring-boot-starter:jar:3.5.5:compile -- module spring.boot.starter [auto]
[INFO]    org.springframework.boot:spring-boot:jar:3.5.5:compile -- module spring.boot [auto]
[INFO]    org.springframework.boot:spring-boot-autoconfigure:jar:3.5.5:compile -- module spring.boot.autoconfigure [auto]
[INFO]    org.springframework.boot:spring-boot-starter-logging:jar:3.5.5:compile -- module spring.boot.starter.logging [auto]
[INFO]    ch.qos.logback:logback-classic:jar:1.5.18:compile -- module ch.qos.logback.classic
[INFO]    ch.qos.logback:logback-core:jar:1.5.18:compile -- module ch.qos.logback.core
[INFO]    org.apache.logging.log4j:log4j-to-slf4j:jar:2.24.3:compile -- module org.apache.logging.log4j.to.slf4j
[INFO]    org.apache.logging.log4j:log4j-api:jar:2.24.3:compile -- module org.apache.logging.log4j
[INFO]    org.slf4j:jul-to-slf4j:jar:2.0.17:compile -- module jul.to.slf4j
[INFO]    jakarta.annotation:jakarta.annotation-api:jar:2.1.1:compile -- module jakarta.annotation
[INFO]    org.yaml:snakeyaml:jar:2.4:compile -- module org.yaml.snakeyaml
[INFO]    org.springframework.boot:spring-boot-actuator-autoconfigure:jar:3.5.5:compile -- module spring.boot.actuator.autoconfigure [auto]
[INFO]    org.springframework.boot:spring-boot-actuator:jar:3.5.5:compile -- module spring.boot.actuator [auto]
[INFO]    com.fasterxml.jackson.datatype:jackson-datatype-jsr310:jar:2.19.2:compile -- module com.fasterxml.jackson.datatype.jsr310
[INFO]    io.micrometer:micrometer-observation:jar:1.15.3:compile -- module micrometer.observation [auto]
[INFO]    io.micrometer:micrometer-commons:jar:1.15.3:compile -- module micrometer.commons [auto]
[INFO]    io.micrometer:micrometer-jakarta9:jar:1.15.3:compile -- module micrometer.jakarta9 [auto]
[INFO]    io.micrometer:micrometer-registry-prometheus:jar:1.15.3:runtime -- module micrometer.registry.prometheus [auto]
[INFO]    io.micrometer:micrometer-core:jar:1.15.3:compile -- module micrometer.core [auto]
[INFO]    org.hdrhistogram:HdrHistogram:jar:2.2.2:runtime -- module HdrHistogram (auto)
[INFO]    org.latencyutils:LatencyUtils:jar:2.0.3:runtime -- module LatencyUtils (auto)
[INFO]    io.prometheus:prometheus-metrics-core:jar:1.3.10:runtime -- module io.prometheus.metrics.core [auto]
[INFO]    io.prometheus:prometheus-metrics-model:jar:1.3.10:runtime -- module io.prometheus.metrics.model [auto]
[INFO]    io.prometheus:prometheus-metrics-config:jar:1.3.10:runtime -- module io.prometheus.metrics.config [auto]
[INFO]    io.prometheus:prometheus-metrics-tracer-common:jar:1.3.10:runtime -- module io.prometheus.metrics.tracer.common [auto]
[INFO]    io.prometheus:prometheus-metrics-exposition-formats:jar:1.3.10:runtime -- module io.prometheus.metrics.expositionformats [auto]
[INFO]    io.prometheus:prometheus-metrics-exposition-textformats:jar:1.3.10:runtime -- module io.prometheus.writer.text [auto]
[INFO]    org.springdoc:springdoc-openapi-starter-webmvc-ui:jar:2.8.13:compile -- module org.springdoc.openapi.ui [auto]
[INFO]    org.springdoc:springdoc-openapi-starter-webmvc-api:jar:2.8.13:compile -- module org.springdoc.openapi.webmvc.core [auto]
[INFO]    org.springdoc:springdoc-openapi-starter-common:jar:2.8.13:compile -- module org.springdoc.openapi.common [auto]
[INFO]    io.swagger.core.v3:swagger-core-jakarta:jar:2.2.36:compile -- module io.swagger.v3.core [auto]
[INFO]    io.swagger.core.v3:swagger-annotations-jakarta:jar:2.2.36:compile -- module io.swagger.v3.oas.annotations [auto]
[INFO]    io.swagger.core.v3:swagger-models-jakarta:jar:2.2.36:compile -- module io.swagger.v3.oas.models [auto]
[INFO]    com.fasterxml.jackson.dataformat:jackson-dataformat-yaml:jar:2.19.2:compile -- module com.fasterxml.jackson.dataformat.yaml
[INFO]    org.webjars:swagger-ui:jar:5.28.1:compile -- module swagger.ui (auto)
[INFO]    org.webjars:webjars-locator-lite:jar:1.1.0:compile -- module webjars.locator.lite (auto)
[INFO]    org.jspecify:jspecify:jar:1.0.0:compile -- module org.jspecify
[INFO]    org.springframework.boot:spring-boot-starter-data-jpa:jar:3.5.5:compile -- module spring.boot.starter.data.jpa [auto]
[INFO]    org.springframework.boot:spring-boot-starter-jdbc:jar:3.5.5:compile -- module spring.boot.starter.jdbc [auto]
[INFO]    com.zaxxer:HikariCP:jar:6.3.2:compile -- module com.zaxxer.hikari
[INFO]    org.springframework:spring-jdbc:jar:6.2.10:compile -- module spring.jdbc [auto]
[INFO]    org.hibernate.orm:hibernate-core:jar:6.6.26.Final:compile -- module org.hibernate.orm.core [auto]
[INFO]    jakarta.persistence:jakarta.persistence-api:jar:3.1.0:compile -- module jakarta.persistence
[INFO]    jakarta.transaction:jakarta.transaction-api:jar:2.0.1:compile -- module jakarta.transaction
[INFO]    org.jboss.logging:jboss-logging:jar:3.6.1.Final:compile -- module org.jboss.logging
[INFO]    org.hibernate.common:hibernate-commons-annotations:jar:7.0.3.Final:runtime -- module org.hibernate.commons.annotations
[INFO]    io.smallrye:jandex:jar:3.2.0:runtime -- module org.jboss.jandex [auto]
[INFO]    com.fasterxml:classmate:jar:1.7.0:compile -- module com.fasterxml.classmate
[INFO]    net.bytebuddy:byte-buddy:jar:1.17.7:runtime -- module net.bytebuddy
[INFO]    org.glassfish.jaxb:jaxb-runtime:jar:4.0.5:runtime -- module org.glassfish.jaxb.runtime
[INFO]    org.glassfish.jaxb:jaxb-core:jar:4.0.5:runtime -- module org.glassfish.jaxb.core
[INFO]    org.glassfish.jaxb:txw2:jar:4.0.5:runtime -- module com.sun.xml.txw2
[INFO]    com.sun.istack:istack-commons-runtime:jar:4.1.2:runtime -- module com.sun.istack.runtime
[INFO]    jakarta.inject:jakarta.inject-api:jar:2.0.1:runtime -- module jakarta.inject
[INFO]    org.antlr:antlr4-runtime:jar:4.13.0:compile -- module org.antlr.antlr4.runtime [auto]
[INFO]    org.springframework.data:spring-data-jpa:jar:3.5.3:compile -- module spring.data.jpa [auto]
[INFO]    org.springframework.data:spring-data-commons:jar:3.5.3:compile -- module spring.data.commons [auto]
[INFO]    org.springframework:spring-orm:jar:6.2.10:compile -- module spring.orm [auto]
[INFO]    org.springframework:spring-context:jar:6.2.10:compile -- module spring.context [auto]
[INFO]    org.springframework:spring-aop:jar:6.2.10:compile -- module spring.aop [auto]
[INFO]    org.springframework:spring-tx:jar:6.2.10:compile -- module spring.tx [auto]
[INFO]    org.springframework:spring-beans:jar:6.2.10:compile -- module spring.beans [auto]
[INFO]    org.springframework:spring-aspects:jar:6.2.10:compile -- module spring.aspects [auto]
[INFO]    org.aspectj:aspectjweaver:jar:1.9.24:compile -- module org.aspectj.weaver [auto]
[INFO]    org.postgresql:postgresql:jar:42.7.7:runtime -- module org.postgresql.jdbc [auto]
[INFO]    org.checkerframework:checker-qual:jar:3.49.3:compile -- module org.checkerframework.checker.qual
[INFO]    org.springframework.boot:spring-boot-starter-amqp:jar:3.5.5:compile -- module spring.boot.starter.amqp [auto]
[INFO]    org.springframework:spring-messaging:jar:6.2.10:compile -- module spring.messaging [auto]
[INFO]    org.springframework.amqp:spring-rabbit:jar:3.2.6:compile -- module spring.rabbit [auto]
[INFO]    org.springframework.amqp:spring-amqp:jar:3.2.6:compile -- module spring.amqp [auto]
[INFO]    org.springframework.retry:spring-retry:jar:2.0.12:compile -- module spring.retry (auto)
[INFO]    com.rabbitmq:amqp-client:jar:5.25.0:compile -- module com.rabbitmq.client [auto]
[INFO]    io.minio:minio:jar:8.5.17:compile -- module minio (auto)
[INFO]    com.carrotsearch.thirdparty:simple-xml-safe:jar:2.7.1:compile -- module simple.xml.safe (auto)
[INFO]    com.google.guava:guava:jar:33.3.1-jre:compile -- module com.google.common [auto]
[INFO]    com.google.guava:failureaccess:jar:1.0.2:compile -- module com.google.common.util.concurrent.internal [auto]
[INFO]    com.google.guava:listenablefuture:jar:9999.0-empty-to-avoid-conflict-with-guava:compile -- module listenablefuture (auto)
[INFO]    com.google.code.findbugs:jsr305:jar:3.0.2:compile -- module jsr305 (auto)
[INFO]    com.google.errorprone:error_prone_annotations:jar:2.28.0:compile -- module com.google.errorprone.annotations
[INFO]    com.google.j2objc:j2objc-annotations:jar:3.0.0:compile -- module com.google.j2objc.annotations
[INFO]    com.squareup.okhttp3:okhttp:jar:4.12.0:compile -- module okhttp3 [auto]
[INFO]    com.squareup.okio:okio:jar:3.6.0:compile -- module okio (auto)
[INFO]    com.squareup.okio:okio-jvm:jar:3.6.0:compile -- module okio [auto]
[INFO]    org.jetbrains.kotlin:kotlin-stdlib-common:jar:1.9.25:compile -- module kotlin.stdlib.common (auto)
[INFO]    org.jetbrains.kotlin:kotlin-stdlib-jdk8:jar:1.9.25:compile -- module kotlin.stdlib.jdk8
[INFO]    org.jetbrains.kotlin:kotlin-stdlib:jar:1.9.25:compile -- module kotlin.stdlib
[INFO]    org.jetbrains.kotlin:kotlin-stdlib-jdk7:jar:1.9.25:compile -- module kotlin.stdlib.jdk7
[INFO]    com.fasterxml.jackson.core:jackson-annotations:jar:2.19.2:compile -- module com.fasterxml.jackson.annotation
[INFO]    com.fasterxml.jackson.core:jackson-core:jar:2.19.2:compile -- module com.fasterxml.jackson.core
[INFO]    org.bouncycastle:bcprov-jdk18on:jar:1.78.1:compile -- module org.bouncycastle.provider
[INFO]    org.apache.commons:commons-compress:jar:1.27.1:compile -- module org.apache.commons.compress
[INFO]    commons-io:commons-io:jar:2.16.1:compile -- module org.apache.commons.io
[INFO]    org.apache.commons:commons-lang3:jar:3.17.0:compile -- module org.apache.commons.lang3
[INFO]    commons-codec:commons-codec:jar:1.18.0:compile -- module org.apache.commons.codec
[INFO]    org.xerial.snappy:snappy-java:jar:1.1.10.7:compile -- module snappy.java (auto)
[INFO]    org.springframework.boot:spring-boot-starter-mail:jar:3.5.5:compile -- module spring.boot.starter.mail [auto]
[INFO]    org.springframework:spring-context-support:jar:6.2.10:compile -- module spring.context.support [auto]
[INFO]    org.eclipse.angus:jakarta.mail:jar:2.0.4:compile -- module jakarta.mail
[INFO]    jakarta.activation:jakarta.activation-api:jar:2.1.3:compile -- module jakarta.activation
[INFO]    org.eclipse.angus:angus-activation:jar:2.0.2:runtime -- module org.eclipse.angus.activation
[INFO]    org.springframework.boot:spring-boot-starter-validation:jar:3.5.5:compile -- module spring.boot.starter.validation [auto]
[INFO]    org.apache.tomcat.embed:tomcat-embed-el:jar:10.1.44:compile -- module org.apache.tomcat.embed.el
[INFO]    org.hibernate.validator:hibernate-validator:jar:8.0.3.Final:compile -- module org.hibernate.validator [auto]
[INFO]    jakarta.validation:jakarta.validation-api:jar:3.0.2:compile -- module jakarta.validation
[INFO]    org.springframework.boot:spring-boot-starter-web:jar:3.5.5:compile -- module spring.boot.starter.web [auto]
[INFO]    org.springframework.boot:spring-boot-starter-json:jar:3.5.5:compile -- module spring.boot.starter.json [auto]
[INFO]    com.fasterxml.jackson.datatype:jackson-datatype-jdk8:jar:2.19.2:compile -- module com.fasterxml.jackson.datatype.jdk8
[INFO]    com.fasterxml.jackson.module:jackson-module-parameter-names:jar:2.19.2:compile -- module com.fasterxml.jackson.module.paramnames
[INFO]    org.springframework.boot:spring-boot-starter-tomcat:jar:3.5.5:compile -- module spring.boot.starter.tomcat [auto]
[INFO]    org.apache.tomcat.embed:tomcat-embed-core:jar:10.1.44:compile -- module org.apache.tomcat.embed.core
[INFO]    org.apache.tomcat.embed:tomcat-embed-websocket:jar:10.1.44:compile -- module org.apache.tomcat.embed.websocket
[INFO]    org.springframework:spring-web:jar:6.2.10:compile -- module spring.web [auto]
[INFO]    org.springframework:spring-webmvc:jar:6.2.10:compile -- module spring.webmvc [auto]
[INFO]    org.springframework:spring-expression:jar:6.2.10:compile -- module spring.expression [auto]
[INFO]    org.projectlombok:lombok:jar:1.18.38:compile (optional) -- module lombok
[INFO]    org.apache.maven.plugins:maven-surefire-plugin:jar:3.5.3:compile -- module maven.surefire.plugin (auto)
[INFO]    org.apache.maven.surefire:surefire-api:jar:3.5.3:compile -- module surefire.api (auto)
[INFO]    org.apache.maven.surefire:surefire-logger-api:jar:3.5.3:compile -- module surefire.logger.api (auto)
[INFO]    org.apache.maven.surefire:surefire-shared-utils:jar:3.5.3:compile -- module surefire.shared.utils (auto)
[INFO]    org.apache.maven.surefire:surefire-extensions-api:jar:3.5.3:compile -- module surefire.extensions.api (auto)
[INFO]    org.apache.maven.surefire:maven-surefire-common:jar:3.5.3:compile -- module maven.surefire.common (auto)
[INFO]    org.apache.maven.surefire:surefire-booter:jar:3.5.3:compile -- module surefire.booter (auto)
[INFO]    org.apache.maven.surefire:surefire-extensions-spi:jar:3.5.3:compile -- module surefire.extensions.spi (auto)
[INFO]    org.apache.maven.resolver:maven-resolver-util:jar:1.4.1:compile -- module org.apache.maven.resolver.util [auto]
[INFO]    org.apache.maven.resolver:maven-resolver-api:jar:1.4.1:compile -- module org.apache.maven.resolver [auto]
[INFO]    org.apache.maven.shared:maven-common-artifact-filters:jar:3.4.0:compile -- module maven.common.artifact.filters (auto)
[INFO]    org.codehaus.plexus:plexus-java:jar:1.4.0:compile -- module org.codehaus.plexus.languages.java
[INFO]    org.ow2.asm:asm:jar:9.7.1:compile -- module org.objectweb.asm
[INFO]    com.thoughtworks.qdox:qdox:jar:2.2.0:compile -- module com.thoughtworks.qdox
[INFO]    com.fasterxml.jackson.core:jackson-databind:jar:2.19.2:compile -- module com.fasterxml.jackson.databind
[INFO]    io.rest-assured:rest-assured:jar:5.4.0:test -- module rest.assured (auto)
[INFO]    org.apache.groovy:groovy:jar:4.0.28:test -- module org.apache.groovy [auto]
[INFO]    org.apache.groovy:groovy-xml:jar:4.0.28:test -- module org.apache.groovy.xml [auto]
[INFO]    org.apache.httpcomponents:httpclient:jar:4.5.13:test -- module org.apache.httpcomponents.httpclient [auto]
[INFO]    org.apache.httpcomponents:httpcore:jar:4.4.16:test -- module org.apache.httpcomponents.httpcore [auto]
[INFO]    commons-logging:commons-logging:jar:1.2:test -- module commons.logging (auto)
[INFO]    org.apache.httpcomponents:httpmime:jar:4.5.13:test -- module org.apache.httpcomponents.httpmime [auto]
[INFO]    org.hamcrest:hamcrest:jar:3.0:test -- module org.hamcrest [auto]
[INFO]    org.ccil.cowan.tagsoup:tagsoup:jar:1.2.1:test -- module tagsoup (auto)
[INFO]    io.rest-assured:json-path:jar:5.5.6:test -- module json.path (auto)
[INFO]    org.apache.groovy:groovy-json:jar:4.0.28:test -- module org.apache.groovy.json [auto]
[INFO]    io.rest-assured:rest-assured-common:jar:5.5.6:test -- module rest.assured.common (auto)
[INFO]    io.rest-assured:xml-path:jar:5.5.6:test -- module xml.path (auto)
[INFO]    org.modelmapper:modelmapper:jar:3.2.3:compile -- module modelmapper (auto)
[INFO]    org.testcontainers:junit-jupiter:jar:1.21.2:test -- module junit.jupiter (auto)
[INFO]    org.testcontainers:postgresql:jar:1.21.2:test -- module postgresql (auto)
[INFO]    org.testcontainers:jdbc:jar:1.21.3:test -- module jdbc (auto)
[INFO]    org.testcontainers:database-commons:jar:1.21.3:test -- module database.commons (auto)
[INFO]    org.testcontainers:testcontainers:jar:1.21.3:test -- module testcontainers (auto)
[INFO]    junit:junit:jar:4.13.2:test -- module junit [auto]
[INFO]    org.slf4j:slf4j-api:jar:2.0.17:compile -- module org.slf4j
[INFO]    org.rnorth.duct-tape:duct-tape:jar:1.0.8:test -- module duct.tape (auto)
[INFO]    org.jetbrains:annotations:jar:17.0.0:compile -- module org.jetbrains.annotations [auto]
[INFO]    com.github.docker-java:docker-java-api:jar:3.4.2:test -- module com.github.dockerjava.api [auto]
[INFO]    com.github.docker-java:docker-java-transport-zerodep:jar:3.4.2:test -- module com.github.dockerjava.transport.zerodep [auto]
[INFO]    com.github.docker-java:docker-java-transport:jar:3.4.2:test -- module com.github.dockerjava.transport [auto]
[INFO]    net.java.dev.jna:jna:jar:5.13.0:test -- module com.sun.jna [auto]
[INFO]    org.springframework.amqp:spring-rabbit-test:jar:3.2.6:test -- module spring.rabbit.test [auto]
[INFO]    org.springframework.amqp:spring-rabbit-junit:jar:3.2.6:test -- module spring.rabbit.junit [auto]
[INFO]    org.junit.jupiter:junit-jupiter-api:jar:5.12.2:test -- module org.junit.jupiter.api
[INFO]    org.opentest4j:opentest4j:jar:1.3.0:test -- module org.opentest4j
[INFO]    org.junit.platform:junit-platform-commons:jar:1.12.2:test -- module org.junit.platform.commons
[INFO]    org.apiguardian:apiguardian-api:jar:1.1.2:test -- module org.apiguardian.api
[INFO]    org.hamcrest:hamcrest-library:jar:3.0:test -- module org.hamcrest.library.deprecated [auto]
[INFO]    org.hamcrest:hamcrest-core:jar:3.0:test -- module org.hamcrest.core.deprecated [auto]
[INFO]    org.mockito:mockito-core:jar:5.17.0:test -- module org.mockito
[INFO]    net.bytebuddy:byte-buddy-agent:jar:1.17.7:test -- module net.bytebuddy.agent
[INFO]    org.objenesis:objenesis:jar:3.3:test -- module org.objenesis [auto]
[INFO]    org.springframework.boot:spring-boot-starter-test:jar:3.5.5:test -- module spring.boot.starter.test [auto]
[INFO]    org.springframework.boot:spring-boot-test:jar:3.5.5:test -- module spring.boot.test [auto]
[INFO]    org.springframework.boot:spring-boot-test-autoconfigure:jar:3.5.5:test -- module spring.boot.test.autoconfigure [auto]
[INFO]    com.jayway.jsonpath:json-path:jar:2.9.0:test -- module json.path [auto]
[INFO]    jakarta.xml.bind:jakarta.xml.bind-api:jar:4.0.2:compile -- module jakarta.xml.bind
[INFO]    net.minidev:json-smart:jar:2.5.2:test -- module json.smart (auto)
[INFO]    net.minidev:accessors-smart:jar:2.5.2:test -- module accessors.smart (auto)
[INFO]    org.assertj:assertj-core:jar:3.27.4:test -- module org.assertj.core
[INFO]    org.awaitility:awaitility:jar:4.2.2:test -- module awaitility (auto)
[INFO]    org.junit.jupiter:junit-jupiter:jar:5.12.2:test -- module org.junit.jupiter
[INFO]    org.junit.jupiter:junit-jupiter-params:jar:5.12.2:test -- module org.junit.jupiter.params
[INFO]    org.junit.jupiter:junit-jupiter-engine:jar:5.12.2:test -- module org.junit.jupiter.engine
[INFO]    org.junit.platform:junit-platform-engine:jar:1.12.2:test -- module org.junit.platform.engine
[INFO]    org.mockito:mockito-junit-jupiter:jar:5.17.0:test -- module org.mockito.junit.jupiter
[INFO]    org.skyscreamer:jsonassert:jar:1.5.3:test -- module jsonassert (auto)
[INFO]    com.vaadin.external.google:android-json:jar:0.0.20131108.vaadin1:test -- module android.json (auto)
[INFO]    org.springframework:spring-core:jar:6.2.10:compile -- module spring.core [auto]
[INFO]    org.springframework:spring-jcl:jar:6.2.10:compile -- module spring.jcl [auto]
[INFO]    org.springframework:spring-test:jar:6.2.10:test -- module spring.test [auto]
[INFO]    org.xmlunit:xmlunit-core:jar:2.10.3:test -- module org.xmlunit [auto]
[INFO] 
[INFO] ------------------------------------------------------------------------
[INFO] BUILD SUCCESS
[INFO] ------------------------------------------------------------------------
[INFO] Total time:  7.262 s
[INFO] Finished at: 2026-01-22T16:53:16-03:00
[INFO] ------------------------------------------------------------------------
