[INFO] Scanning for projects...
[INFO] 
[INFO] ---------------------< ao.tcc.projeto.final:jecuz >---------------------
[INFO] Building Jecuz Api stable
[INFO]   from pom.xml
[INFO] --------------------------------[ jar ]---------------------------------
[INFO] 
[INFO] --- help:3.5.1:describe (default-cli) @ jecuz ---
[INFO] 'help:describe' is a plugin goal (aka mojo).
Mojo: 'help:describe'
help:describe
  Description: Displays a list of the attributes for a Maven Plugin and/or
    goals (aka Mojo - Maven plain Old Java Object). See also: What is a Mojo?

For more information, run 'mvn help:describe [...] -Ddetail'

[INFO] ------------------------------------------------------------------------
[INFO] BUILD SUCCESS
[INFO] ------------------------------------------------------------------------
[INFO] Total time:  2.938 s
[INFO] Finished at: 2026-01-22T16:53:35-03:00
[INFO] ------------------------------------------------------------------------
